# JRE version: Java(TM) SE Runtime Environment 18.9 (11.0.11+9) (build 11.0.11+9-LTS-194)
# Java VM: Java HotSpot(TM) 64-Bit Server VM 18.9 (11.0.11+9-LTS-194, mixed mode, tiered, compressed oops, g1 gc, windows-amd64)
Heap:
 garbage-first heap   total 151552K, used 29184K [0x00000000a0000000, 0x0000000100000000)
  region size 1024K, 6 young (6144K), 2 survivors (2048K)
 Metaspace       used 35608K, capacity 36399K, committed 36528K, reserved 1081344K
  class space    used 3741K, capacity 4027K, committed 4096K, reserved 1048576K
GC Heap History (10 events):
Event: 5.662 GC heap before
{Heap before GC invocations=4 (full 0):
 garbage-first heap   total 98304K, used 16044K [0x00000000a0000000, 0x0000000100000000)
  region size 1024K, 14 young (14336K), 5 survivors (5120K)
 Metaspace       used 20786K, capacity 21102K, committed 21296K, reserved 1069056K
  class space    used 2188K, capacity 2312K, committed 2432K, reserved 1048576K
}
Event: 5.688 GC heap after
{Heap after GC invocations=5 (full 0):
 garbage-first heap   total 118784K, used 8497K [0x00000000a0000000, 0x0000000100000000)
  region size 1024K, 4 young (4096K), 4 survivors (4096K)
 Metaspace       used 20786K, capacity 21102K, committed 21296K, reserved 1069056K
  class space    used 2188K, capacity 2312K, committed 2432K, reserved 1048576K
}
Event: 9.560 GC heap before
{Heap before GC invocations=6 (full 0):
 garbage-first heap   total 118784K, used 62769K [0x00000000a0000000, 0x0000000100000000)
  region size 1024K, 57 young (58368K), 4 survivors (4096K)
 Metaspace       used 22496K, capacity 22997K, committed 23216K, reserved 1071104K
  class space    used 2317K, capacity 2499K, committed 2560K, reserved 1048576K
}
Event: 9.592 GC heap after
{Heap after GC invocations=7 (full 0):
 garbage-first heap   total 118784K, used 11300K [0x00000000a0000000, 0x0000000100000000)
  region size 1024K, 7 young (7168K), 7 survivors (7168K)
 Metaspace       used 22496K, capacity 22997K, committed 23216K, reserved 1071104K
  class space    used 2317K, capacity 2499K, committed 2560K, reserved 1048576K
}
Event: 13.026 GC heap before
{Heap before GC invocations=7 (full 0):
 garbage-first heap   total 118784K, used 68644K [0x00000000a0000000, 0x0000000100000000)
  region size 1024K, 64 young (65536K), 7 survivors (7168K)
 Metaspace       used 32106K, capacity 32707K, committed 32816K, reserved 1079296K
  class space    used 3421K, capacity 3671K, committed 3712K, reserved 1048576K
}
Event: 13.104 GC heap after
{Heap after GC invocations=8 (full 0):
 garbage-first heap   total 118784K, used 24063K [0x00000000a0000000, 0x0000000100000000)
  region size 1024K, 8 young (8192K), 8 survivors (8192K)
 Metaspace       used 32106K, capacity 32707K, committed 32816K, reserved 1079296K
  class space    used 3421K, capacity 3671K, committed 3712K, reserved 1048576K
}
Event: 15.747 GC heap before
{Heap before GC invocations=8 (full 0):
 garbage-first heap   total 118784K, used 76287K [0x00000000a0000000, 0x0000000100000000)
  region size 1024K, 60 young (61440K), 8 survivors (8192K)
 Metaspace       used 33337K, capacity 34106K, committed 34224K, reserved 1079296K
  class space    used 3528K, capacity 3814K, committed 3840K, reserved 1048576K
}
Event: 15.801 GC heap after
{Heap after GC invocations=9 (full 0):
 garbage-first heap   total 118784K, used 29184K [0x00000000a0000000, 0x0000000100000000)
  region size 1024K, 7 young (7168K), 7 survivors (7168K)
 Metaspace       used 33337K, capacity 34106K, committed 34224K, reserved 1079296K
  class space    used 3528K, capacity 3814K, committed 3840K, reserved 1048576K
}
Event: 17.238 GC heap before
{Heap before GC invocations=9 (full 0):
 garbage-first heap   total 118784K, used 67072K [0x00000000a0000000, 0x0000000100000000)
  region size 1024K, 45 young (46080K), 7 survivors (7168K)
 Metaspace       used 35132K, capacity 35876K, committed 35888K, reserved 1081344K
  class space    used 3696K, capacity 3958K, committed 3968K, reserved 1048576K
}
Event: 17.262 GC heap after
{Heap after GC invocations=10 (full 0):
 garbage-first heap   total 151552K, used 26112K [0x00000000a0000000, 0x0000000100000000)
  region size 1024K, 2 young (2048K), 2 survivors (2048K)
 Metaspace       used 35132K, capacity 35876K, committed 35888K, reserved 1081344K
  class space    used 3696K, capacity 3958K, committed 3968K, reserved 1048576K
}

