# JRE version: Java(TM) SE Runtime Environment 18.9 (11.0.11+9) (build 11.0.11+9-LTS-194)
# Java VM: Java HotSpot(TM) 64-Bit Server VM 18.9 (11.0.11+9-LTS-194, mixed mode, tiered, compressed oops, g1 gc, windows-amd64)
Heap:
 garbage-first heap   total 98304K, used 16667K [0x00000000a0000000, 0x0000000100000000)
  region size 1024K, 13 young (13312K), 3 survivors (3072K)
 Metaspace       used 22577K, capacity 23141K, committed 23344K, reserved 1071104K
  class space    used 2443K, capacity 2670K, committed 2688K, reserved 1048576K
GC Heap History (8 events):
Event: 1.331 GC heap before
{Heap before GC invocations=0 (full 0):
 garbage-first heap   total 98304K, used 14336K [0x00000000a0000000, 0x0000000100000000)
  region size 1024K, 14 young (14336K), 0 survivors (0K)
 Metaspace       used 12367K, capacity 12526K, committed 12800K, reserved 1060864K
  class space    used 1178K, capacity 1249K, committed 1280K, reserved 1048576K
}
Event: 1.346 GC heap after
{Heap after GC invocations=1 (full 0):
 garbage-first heap   total 98304K, used 4555K [0x00000000a0000000, 0x0000000100000000)
  region size 1024K, 2 young (2048K), 2 survivors (2048K)
 Metaspace       used 12367K, capacity 12526K, committed 12800K, reserved 1060864K
  class space    used 1178K, capacity 1249K, committed 1280K, reserved 1048576K
}
Event: 1.742 GC heap before
{Heap before GC invocations=1 (full 0):
 garbage-first heap   total 98304K, used 10699K [0x00000000a0000000, 0x0000000100000000)
  region size 1024K, 8 young (8192K), 2 survivors (2048K)
 Metaspace       used 14078K, capacity 14294K, committed 14592K, reserved 1062912K
  class space    used 1366K, capacity 1477K, committed 1536K, reserved 1048576K
}
Event: 1.750 GC heap after
{Heap after GC invocations=2 (full 0):
 garbage-first heap   total 98304K, used 4962K [0x00000000a0000000, 0x0000000100000000)
  region size 1024K, 1 young (1024K), 1 survivors (1024K)
 Metaspace       used 14078K, capacity 14294K, committed 14592K, reserved 1062912K
  class space    used 1366K, capacity 1477K, committed 1536K, reserved 1048576K
}
Event: 2.838 GC heap before
{Heap before GC invocations=2 (full 0):
 garbage-first heap   total 98304K, used 27490K [0x00000000a0000000, 0x0000000100000000)
  region size 1024K, 23 young (23552K), 1 survivors (1024K)
 Metaspace       used 20489K, capacity 21107K, committed 21296K, reserved 1069056K
  class space    used 2181K, capacity 2399K, committed 2432K, reserved 1048576K
}
Event: 2.850 GC heap after
{Heap after GC invocations=3 (full 0):
 garbage-first heap   total 98304K, used 7225K [0x00000000a0000000, 0x0000000100000000)
  region size 1024K, 3 young (3072K), 3 survivors (3072K)
 Metaspace       used 20489K, capacity 21107K, committed 21296K, reserved 1069056K
  class space    used 2181K, capacity 2399K, committed 2432K, reserved 1048576K
}
Event: 2.871 GC heap before
{Heap before GC invocations=3 (full 0):
 garbage-first heap   total 98304K, used 7225K [0x00000000a0000000, 0x0000000100000000)
  region size 1024K, 4 young (4096K), 3 survivors (3072K)
 Metaspace       used 20625K, capacity 21203K, committed 21296K, reserved 1069056K
  class space    used 2198K, capacity 2431K, committed 2432K, reserved 1048576K
}
Event: 2.879 GC heap after
{Heap after GC invocations=4 (full 0):
 garbage-first heap   total 98304K, used 7451K [0x00000000a0000000, 0x0000000100000000)
  region size 1024K, 3 young (3072K), 3 survivors (3072K)
 Metaspace       used 20625K, capacity 21203K, committed 21296K, reserved 1069056K
  class space    used 2198K, capacity 2431K, committed 2432K, reserved 1048576K
}

