<?xml version="1.0" encoding="UTF-8"?>
<testsuite xmlns:xsi="http://www.w3.org/2001/XMLSchema-instance" xsi:noNamespaceSchemaLocation="https://maven.apache.org/surefire/maven-surefire-plugin/xsd/surefire-test-report.xsd" name="TestSuite" time="74.312" tests="2" errors="0" skipped="0" failures="0">
  <properties>
[...]
</properties>
  <testcase name="checkIncorrectAppearAutoCompleteTextView" classname="scenarios.nativeMobileTests" time="7.706"/>
  <testcase name="checkRegistrationAndSignIn" classname="scenarios.nativeMobileTests" time="20.661"/>
</testsuite>