<?xml version="1.0" encoding="UTF-8"?>
<!-- Generated by org.testng.reporters.JUnitXMLReporter -->
<testsuite ignored="1" hostname="DESKTOP-R45O6T6" failures="0" tests="2" name="Native tests" time="72.819" errors="0" timestamp="2021-08-13T01:38:15 MSK">
  <testcase classname="scenarios.nativeMobileTests" name="checkIncorrectAppearAutoCompleteTextView" time="7.702"/>
  <testcase classname="scenarios.nativeMobileTests" name="checkRegistrationAndSignIn" time="20.66"/>
  <testcase classname="scenarios.webMobileTests" name="checkWebPage" time="0.0">
    <ignored/>
  </testcase> <!-- checkWebPage -->
</testsuite> <!-- Native tests -->
